# JRE version: OpenJDK Runtime Environment JBR-11.0.11.9-1504.13-jcef (11.0.11+9) (build 11.0.11+9-b1504.13)
# Java VM: OpenJDK 64-Bit Server VM JBR-11.0.11.9-1504.13-jcef (11.0.11+9-b1504.13, mixed mode, tiered, compressed oops, g1 gc, windows-amd64)
Heap:
 garbage-first heap   total 131072K, used 28427K [0x00000000c4c00000, 0x0000000100000000)
  region size 1024K, 23 young (23552K), 2 survivors (2048K)
 Metaspace       used 22213K, capacity 22918K, committed 23088K, reserved 1069056K
  class space    used 2299K, capacity 2565K, committed 2688K, reserved 1048576K
GC Heap History (8 events):
Event: 0.893 GC heap before
{Heap before GC invocations=0 (full 0):
 garbage-first heap   total 131072K, used 22528K [0x00000000c4c00000, 0x0000000100000000)
  region size 1024K, 22 young (22528K), 0 survivors (0K)
 Metaspace       used 15062K, capacity 15559K, committed 15744K, reserved 1062912K
  class space    used 1584K, capacity 1804K, committed 1920K, reserved 1048576K
}
Event: 0.900 GC heap after
{Heap after GC invocations=1 (full 0):
 garbage-first heap   total 131072K, used 5854K [0x00000000c4c00000, 0x0000000100000000)
  region size 1024K, 3 young (3072K), 3 survivors (3072K)
 Metaspace       used 15062K, capacity 15559K, committed 15744K, reserved 1062912K
  class space    used 1584K, capacity 1804K, committed 1920K, reserved 1048576K
}
Event: 1.036 GC heap before
{Heap before GC invocations=1 (full 0):
 garbage-first heap   total 131072K, used 11998K [0x00000000c4c00000, 0x0000000100000000)
  region size 1024K, 9 young (9216K), 3 survivors (3072K)
 Metaspace       used 17781K, capacity 18352K, committed 18688K, reserved 1064960K
  class space    used 1945K, capacity 2181K, committed 2304K, reserved 1048576K
}
Event: 1.039 GC heap after
{Heap after GC invocations=2 (full 0):
 garbage-first heap   total 131072K, used 6562K [0x00000000c4c00000, 0x0000000100000000)
  region size 1024K, 1 young (1024K), 1 survivors (1024K)
 Metaspace       used 17781K, capacity 18352K, committed 18688K, reserved 1064960K
  class space    used 1945K, capacity 2181K, committed 2304K, reserved 1048576K
}
Event: 1.305 GC heap before
{Heap before GC invocations=2 (full 0):
 garbage-first heap   total 131072K, used 13730K [0x00000000c4c00000, 0x0000000100000000)
  region size 1024K, 9 young (9216K), 1 survivors (1024K)
 Metaspace       used 20688K, capacity 21212K, committed 21296K, reserved 1069056K
  class space    used 2199K, capacity 2420K, committed 2432K, reserved 1048576K
}
Event: 1.308 GC heap after
{Heap after GC invocations=3 (full 0):
 garbage-first heap   total 131072K, used 7464K [0x00000000c4c00000, 0x0000000100000000)
  region size 1024K, 2 young (2048K), 2 survivors (2048K)
 Metaspace       used 20688K, capacity 21212K, committed 21296K, reserved 1069056K
  class space    used 2199K, capacity 2420K, committed 2432K, reserved 1048576K
}
Event: 13.936 GC heap before
{Heap before GC invocations=4 (full 0):
 garbage-first heap   total 131072K, used 58664K [0x00000000c4c00000, 0x0000000100000000)
  region size 1024K, 52 young (53248K), 2 survivors (2048K)
 Metaspace       used 22084K, capacity 22848K, committed 23088K, reserved 1069056K
  class space    used 2298K, capacity 2564K, committed 2688K, reserved 1048576K
}
Event: 13.952 GC heap after
{Heap after GC invocations=5 (full 0):
 garbage-first heap   total 131072K, used 7947K [0x00000000c4c00000, 0x0000000100000000)
  region size 1024K, 2 young (2048K), 2 survivors (2048K)
 Metaspace       used 22084K, capacity 22848K, committed 23088K, reserved 1069056K
  class space    used 2298K, capacity 2564K, committed 2688K, reserved 1048576K
}

